[INFO] Scanning for projects...
[INFO] 
[INFO] --------------------< com.tradeboot:tradeboot-api >---------------------
[INFO] Building tradeboot-api 0.0.1-SNAPSHOT
[INFO]   from pom.xml
[INFO] --------------------------------[ jar ]---------------------------------
[INFO] 
[INFO] --- clean:3.3.2:clean (default-clean) @ tradeboot-api ---
[INFO] Deleting C:\Users\Lenovo\Videos\TB-AI\tradeboot-ai\tradeboot-backend\target
[INFO] 
[INFO] --- resources:3.3.1:resources (default-resources) @ tradeboot-api ---
[INFO] Copying 1 resource from src\main\resources to target\classes
[INFO] Copying 0 resource from src\main\resources to target\classes
[INFO] 
[INFO] --- compiler:3.11.0:compile (default-compile) @ tradeboot-api ---
[INFO] Changes detected - recompiling the module! :source
[INFO] Compiling 14 source files with javac [debug release 17] to target\classes
[INFO] -------------------------------------------------------------
[ERROR] COMPILATION ERROR : 
[INFO] -------------------------------------------------------------
[ERROR] /C:/Users/Lenovo/Videos/TB-AI/tradeboot-ai/tradeboot-backend/src/main/java/com/tradeboot/api/service/AuthService.java:[16,34] variable repository not initialized in the default constructor
[ERROR] /C:/Users/Lenovo/Videos/TB-AI/tradeboot-ai/tradeboot-backend/src/main/java/com/tradeboot/api/service/AuthService.java:[17,35] variable passwordEncoder not initialized in the default constructor
[ERROR] /C:/Users/Lenovo/Videos/TB-AI/tradeboot-ai/tradeboot-backend/src/main/java/com/tradeboot/api/service/AuthService.java:[18,27] variable jwtUtil not initialized in the default constructor
[ERROR] /C:/Users/Lenovo/Videos/TB-AI/tradeboot-ai/tradeboot-backend/src/main/java/com/tradeboot/api/service/AuthService.java:[19,41] variable authenticationManager not initialized in the default constructor
[INFO] 4 errors 
[INFO] -------------------------------------------------------------
[INFO] ------------------------------------------------------------------------
[INFO] BUILD FAILURE
[INFO] ------------------------------------------------------------------------
[INFO] Total time:  2.516 s
[INFO] Finished at: 2026-04-04T15:38:20+05:30
[INFO] ------------------------------------------------------------------------
[ERROR] Failed to execute goal org.apache.maven.plugins:maven-compiler-plugin:3.11.0:compile (default-compile) on project tradeboot-api: Compilation failure: Compilation failure: 
[ERROR] /C:/Users/Lenovo/Videos/TB-AI/tradeboot-ai/tradeboot-backend/src/main/java/com/tradeboot/api/service/AuthService.java:[16,34] variable repository not initialized in the default constructor
[ERROR] /C:/Users/Lenovo/Videos/TB-AI/tradeboot-ai/tradeboot-backend/src/main/java/com/tradeboot/api/service/AuthService.java:[17,35] variable passwordEncoder not initialized in the default constructor
[ERROR] /C:/Users/Lenovo/Videos/TB-AI/tradeboot-ai/tradeboot-backend/src/main/java/com/tradeboot/api/service/AuthService.java:[18,27] variable jwtUtil not initialized in the default constructor
[ERROR] /C:/Users/Lenovo/Videos/TB-AI/tradeboot-ai/tradeboot-backend/src/main/java/com/tradeboot/api/service/AuthService.java:[19,41] variable authenticationManager not initialized in the default constructor
[ERROR] -> [Help 1]
[ERROR] 
[ERROR] To see the full stack trace of the errors, re-run Maven with the -e switch.
[ERROR] Re-run Maven using the -X switch to enable full debug logging.
[ERROR] 
[ERROR] For more information about the errors and possible solutions, please read the following articles:
[ERROR] [Help 1] http://cwiki.apache.org/confluence/display/MAVEN/MojoFailureException
